0 info it worked if it ends with ok
1 verbose cli [ '/home/ubuntu/.nvm/versions/node/v4.7.3/bin/node',
1 verbose cli   '/home/ubuntu/.nvm/versions/node/v4.7.3/bin/npm',
1 verbose cli   'install',
1 verbose cli   'ngRoute' ]
2 info using npm@2.15.11
3 info using node@v4.7.3
4 verbose install initial load of /home/ubuntu/workspace/ServicioRestVacunacion/node_api_rest/package.json
5 warn package.json node_api_rest@2.0.0 No description
6 warn package.json node_api_rest@2.0.0 No repository field.
7 warn package.json node_api_rest@2.0.0 No README data
8 warn package.json node_api_rest@2.0.0 No license field.
9 verbose installManyTop reading scoped package data from /home/ubuntu/workspace/ServicioRestVacunacion/node_api_rest/node_modules/body-parser/package.json
10 verbose installManyTop reading scoped package data from /home/ubuntu/workspace/ServicioRestVacunacion/node_api_rest/node_modules/express/package.json
11 verbose installManyTop reading scoped package data from /home/ubuntu/workspace/ServicioRestVacunacion/node_api_rest/node_modules/method-override/package.json
12 verbose installManyTop reading scoped package data from /home/ubuntu/workspace/ServicioRestVacunacion/node_api_rest/node_modules/mongoose/package.json
13 info package.json mongoose@3.6.20 No license field.
14 verbose readDependencies loading dependencies from /home/ubuntu/workspace/ServicioRestVacunacion/node_api_rest/package.json
15 silly cache add args [ 'ngRoute', null ]
16 verbose cache add spec ngRoute
17 silly cache add parsed spec Result {
17 silly cache add   raw: 'ngRoute',
17 silly cache add   scope: null,
17 silly cache add   name: 'ngRoute',
17 silly cache add   rawSpec: '',
17 silly cache add   spec: 'latest',
17 silly cache add   type: 'tag' }
18 silly addNamed ngRoute@latest
19 verbose addNamed "latest" is being treated as a dist-tag for ngRoute
20 info addNameTag [ 'ngRoute', 'latest' ]
21 silly mapToRegistry name ngRoute
22 silly mapToRegistry using default registry
23 silly mapToRegistry registry https://registry.npmjs.org/
24 silly mapToRegistry data Result {
24 silly mapToRegistry   raw: 'ngRoute',
24 silly mapToRegistry   scope: null,
24 silly mapToRegistry   name: 'ngRoute',
24 silly mapToRegistry   rawSpec: '',
24 silly mapToRegistry   spec: 'latest',
24 silly mapToRegistry   type: 'tag' }
25 silly mapToRegistry uri https://registry.npmjs.org/ngRoute
26 verbose addNameTag registry:https://registry.npmjs.org/ngRoute not in flight; fetching
27 verbose request uri https://registry.npmjs.org/ngRoute
28 verbose request no auth needed
29 info attempt registry request try #1 at 5:05:35 AM
30 verbose request id 7951322ac5cc4091
31 http request GET https://registry.npmjs.org/ngRoute
32 http 404 https://registry.npmjs.org/ngRoute
33 verbose headers { 'content-type': 'application/json',
33 verbose headers   'cache-control': 'max-age=0',
33 verbose headers   'content-length': '2',
33 verbose headers   'accept-ranges': 'bytes',
33 verbose headers   date: 'Fri, 02 Jun 2017 05:05:35 GMT',
33 verbose headers   via: '1.1 varnish',
33 verbose headers   age: '0',
33 verbose headers   connection: 'keep-alive',
33 verbose headers   'x-served-by': 'cache-ord1740-ORD',
33 verbose headers   'x-cache': 'MISS',
33 verbose headers   'x-cache-hits': '0',
33 verbose headers   'x-timer': 'S1496379935.308472,VS0,VE299',
33 verbose headers   vary: 'Accept-Encoding' }
34 silly get cb [ 404,
34 silly get   { 'content-type': 'application/json',
34 silly get     'cache-control': 'max-age=0',
34 silly get     'content-length': '2',
34 silly get     'accept-ranges': 'bytes',
34 silly get     date: 'Fri, 02 Jun 2017 05:05:35 GMT',
34 silly get     via: '1.1 varnish',
34 silly get     age: '0',
34 silly get     connection: 'keep-alive',
34 silly get     'x-served-by': 'cache-ord1740-ORD',
34 silly get     'x-cache': 'MISS',
34 silly get     'x-cache-hits': '0',
34 silly get     'x-timer': 'S1496379935.308472,VS0,VE299',
34 silly get     vary: 'Accept-Encoding' } ]
35 verbose stack Error: Registry returned 404 for GET on https://registry.npmjs.org/ngRoute
35 verbose stack     at makeError (/home/ubuntu/.nvm/versions/node/v4.7.3/lib/node_modules/npm/node_modules/npm-registry-client/lib/request.js:302:12)
35 verbose stack     at CachingRegistryClient.<anonymous> (/home/ubuntu/.nvm/versions/node/v4.7.3/lib/node_modules/npm/node_modules/npm-registry-client/lib/request.js:280:14)
35 verbose stack     at Request._callback (/home/ubuntu/.nvm/versions/node/v4.7.3/lib/node_modules/npm/node_modules/npm-registry-client/lib/request.js:210:14)
35 verbose stack     at Request.self.callback (/home/ubuntu/.nvm/versions/node/v4.7.3/lib/node_modules/npm/node_modules/request/request.js:187:22)
35 verbose stack     at emitTwo (events.js:87:13)
35 verbose stack     at Request.emit (events.js:172:7)
35 verbose stack     at Request.<anonymous> (/home/ubuntu/.nvm/versions/node/v4.7.3/lib/node_modules/npm/node_modules/request/request.js:1044:10)
35 verbose stack     at emitOne (events.js:77:13)
35 verbose stack     at Request.emit (events.js:169:7)
35 verbose stack     at IncomingMessage.<anonymous> (/home/ubuntu/.nvm/versions/node/v4.7.3/lib/node_modules/npm/node_modules/request/request.js:965:12)
36 verbose statusCode 404
37 verbose pkgid ngRoute
38 verbose cwd /home/ubuntu/workspace/ServicioRestVacunacion/node_api_rest
39 error Linux 4.9.17-c9
40 error argv "/home/ubuntu/.nvm/versions/node/v4.7.3/bin/node" "/home/ubuntu/.nvm/versions/node/v4.7.3/bin/npm" "install" "ngRoute"
41 error node v4.7.3
42 error npm  v2.15.11
43 error code E404
44 error 404 Registry returned 404 for GET on https://registry.npmjs.org/ngRoute
44 error 404
44 error 404 'ngRoute' is not in the npm registry.
44 error 404 Your package name is not valid, because
44 error 404
44 error 404  1. name can no longer contain capital letters
44 error 404 It was specified as a dependency of 'node_api_rest'
44 error 404
44 error 404 Note that you can also install from a
44 error 404 tarball, folder, http url, or git url.
45 verbose exit [ 1, true ]
